# JRE version: Java(TM) SE Runtime Environment (11.0.1+13) (build 11.0.1+13-LTS)
# Java VM: Java HotSpot(TM) 64-Bit Server VM (11.0.1+13-LTS, mixed mode, tiered, compressed oops, g1 gc, windows-amd64)
Heap:
 garbage-first heap   total 65536K, used 29429K [0x00000000c0e00000, 0x0000000100000000)
  region size 1024K, 2 young (2048K), 1 survivors (1024K)
 Metaspace       used 63444K, capacity 65190K, committed 66092K, reserved 1105920K
  class space    used 8377K, capacity 9054K, committed 9344K, reserved 1048576K
GC Heap History (10 events):
Event: 7035.151 GC heap before
{Heap before GC invocations=42 (full 0):
 garbage-first heap   total 65536K, used 52973K [0x00000000c0e00000, 0x0000000100000000)
  region size 1024K, 24 young (24576K), 1 survivors (1024K)
 Metaspace       used 63434K, capacity 65175K, committed 66092K, reserved 1105920K
  class space    used 8375K, capacity 9051K, committed 9344K, reserved 1048576K
}
Event: 7035.214 GC heap after
{Heap after GC invocations=43 (full 0):
 garbage-first heap   total 65536K, used 29432K [0x00000000c0e00000, 0x0000000100000000)
  region size 1024K, 1 young (1024K), 1 survivors (1024K)
 Metaspace       used 63434K, capacity 65175K, committed 66092K, reserved 1105920K
  class space    used 8375K, capacity 9051K, committed 9344K, reserved 1048576K
}
Event: 7980.708 GC heap before
{Heap before GC invocations=44 (full 0):
 garbage-first heap   total 65536K, used 52984K [0x00000000c0e00000, 0x0000000100000000)
  region size 1024K, 24 young (24576K), 1 survivors (1024K)
 Metaspace       used 63444K, capacity 65190K, committed 66092K, reserved 1105920K
  class space    used 8377K, capacity 9054K, committed 9344K, reserved 1048576K
}
Event: 7980.720 GC heap after
{Heap after GC invocations=45 (full 0):
 garbage-first heap   total 65536K, used 29433K [0x00000000c0e00000, 0x0000000100000000)
  region size 1024K, 1 young (1024K), 1 survivors (1024K)
 Metaspace       used 63444K, capacity 65190K, committed 66092K, reserved 1105920K
  class space    used 8377K, capacity 9054K, committed 9344K, reserved 1048576K
}
Event: 8930.443 GC heap before
{Heap before GC invocations=45 (full 0):
 garbage-first heap   total 65536K, used 52985K [0x00000000c0e00000, 0x0000000100000000)
  region size 1024K, 24 young (24576K), 1 survivors (1024K)
 Metaspace       used 63444K, capacity 65190K, committed 66092K, reserved 1105920K
  class space    used 8377K, capacity 9054K, committed 9344K, reserved 1048576K
}
Event: 8930.480 GC heap after
{Heap after GC invocations=46 (full 0):
 garbage-first heap   total 65536K, used 29429K [0x00000000c0e00000, 0x0000000100000000)
  region size 1024K, 1 young (1024K), 1 survivors (1024K)
 Metaspace       used 63444K, capacity 65190K, committed 66092K, reserved 1105920K
  class space    used 8377K, capacity 9054K, committed 9344K, reserved 1048576K
}
Event: 9930.628 GC heap before
{Heap before GC invocations=47 (full 0):
 garbage-first heap   total 65536K, used 54005K [0x00000000c0e00000, 0x0000000100000000)
  region size 1024K, 25 young (25600K), 1 survivors (1024K)
 Metaspace       used 63444K, capacity 65190K, committed 66092K, reserved 1105920K
  class space    used 8377K, capacity 9054K, committed 9344K, reserved 1048576K
}
Event: 9930.771 GC heap after
{Heap after GC invocations=48 (full 0):
 garbage-first heap   total 65536K, used 29427K [0x00000000c0e00000, 0x0000000100000000)
  region size 1024K, 1 young (1024K), 1 survivors (1024K)
 Metaspace       used 63444K, capacity 65190K, committed 66092K, reserved 1105920K
  class space    used 8377K, capacity 9054K, committed 9344K, reserved 1048576K
}
Event: 11366.243 GC heap before
{Heap before GC invocations=48 (full 0):
 garbage-first heap   total 65536K, used 54003K [0x00000000c0e00000, 0x0000000100000000)
  region size 1024K, 25 young (25600K), 1 survivors (1024K)
 Metaspace       used 63444K, capacity 65190K, committed 66092K, reserved 1105920K
  class space    used 8377K, capacity 9054K, committed 9344K, reserved 1048576K
}
Event: 11366.246 GC heap after
{Heap after GC invocations=49 (full 0):
 garbage-first heap   total 65536K, used 29429K [0x00000000c0e00000, 0x0000000100000000)
  region size 1024K, 1 young (1024K), 1 survivors (1024K)
 Metaspace       used 63444K, capacity 65190K, committed 66092K, reserved 1105920K
  class space    used 8377K, capacity 9054K, committed 9344K, reserved 1048576K
}

